[13/Aug/2016 15:30:42]"GET / HTTP/1.1" 200 1952
[13/Aug/2016 15:30:42]"GET /static/cassie.css HTTP/1.1" 200 418
[13/Aug/2016 15:30:42]"GET /static/portrait4close.png HTTP/1.1" 200 123823
[13/Aug/2016 15:30:42]"GET /favicon.ico HTTP/1.1" 404 2340
[13/Aug/2016 15:30:42]"GET /apple-touch-icon-precomposed.png HTTP/1.1" 404 2403
[13/Aug/2016 15:30:42]"GET /apple-touch-icon.png HTTP/1.1" 404 2367
[13/Aug/2016 15:30:42]"GET /elizabeth/sitephotos/OppressiveGloom.mp3 HTTP/1.1" 404 2427
[13/Aug/2016 15:30:47]"GET / HTTP/1.1" 200 1952
[13/Aug/2016 15:30:51]"GET / HTTP/1.1" 200 1952
[13/Aug/2016 15:30:53]"GET /test.html HTTP/1.1" 404 2334
[13/Aug/2016 15:31:00]"GET /elizabeth/test.html HTTP/1.1" 404 2364
[13/Aug/2016 15:31:09]"GET /spirit/elizabeth/test.html HTTP/1.1" 404 2385
[13/Aug/2016 15:31:20]"GET /elizabeth/test.html HTTP/1.1" 404 2364
[13/Aug/2016 15:31:22]"GET /elizabeth/test.html HTTP/1.1" 404 2364
[13/Aug/2016 15:31:23]"GET /elizabeth/test.html HTTP/1.1" 404 2364
Performing system checks...

System check identified no issues (0 silenced).
August 13, 2016 - 15:30:37
Django version 1.8.1, using settings 'Cluster.settings'
Starting development server at http://127.0.0.1:8000/
Quit the server with CONTROL-C.
[13/Aug/2016 15:35:49]"GET /elizabeth/test.html HTTP/1.1" 404 2494
Performing system checks...

System check identified no issues (0 silenced).
August 13, 2016 - 15:33:16
Django version 1.8.1, using settings 'Cluster.settings'
Starting development server at http://127.0.0.1:8000/
Quit the server with CONTROL-C.
[13/Aug/2016 15:36:37]"GET /elizabeth/test.html HTTP/1.1" 500 92039
[13/Aug/2016 15:37:33]"GET /elizabeth/test.html HTTP/1.1" 500 92039
Performing system checks...

System check identified no issues (0 silenced).
August 13, 2016 - 15:36:20
Django version 1.8.1, using settings 'Cluster.settings'
Starting development server at http://127.0.0.1:8000/
Quit the server with CONTROL-C.
[13/Aug/2016 15:40:55]"GET /elizabeth/test.html HTTP/1.1" 200 388
Performing system checks...

System check identified no issues (0 silenced).
August 13, 2016 - 15:40:54
Django version 1.8.1, using settings 'Cluster.settings'
Starting development server at http://127.0.0.1:8000/
Quit the server with CONTROL-C.
